2018-08-25 17:15:47,538 - DEBUG - imc subrank: 0, 0
2018-08-25 17:15:47,542 - DEBUG - Initialized network @rank/subrank= 0/0, {'dropout': 0.2, 'optimizer': 'rmsprop', 'activation': 'sigmoid', 'nbLayers': 9, 'nbNeurons': 256}
2018-08-25 17:15:47,544 - DEBUG - for data after exchange rank = 0, {'dropout': 0.2, 'optimizer': 'rmsprop', 'activation': 'sigmoid', 'nbLayers': 9, 'nbNeurons': 256}
2018-08-25 17:15:47,544 - DEBUG - for dad after exchange rank = 0, {'dropout': 0.2, 'optimizer': 'sgd', 'activation': 'elu', 'nbLayers': 6, 'nbNeurons': 1024}
2018-08-25 17:15:47,546 - DEBUG - Crossover Done, generation = 0, rank = 0, child = {'dropout': 0.2, 'optimizer': 'sgd', 'activation': 'sigmoid', 'nbLayers': 6, 'nbNeurons': 1024}
2018-08-25 17:15:47,547 - DEBUG - Mutation Done, generation = 0, rank = 0, network = {'dropout': 0.2, 'optimizer': 'sgd', 'activation': 'sigmoid', 'nbLayers': 6, 'nbNeurons': 1024}
2018-08-27 06:56:28,598 - DEBUG - imc subrank: 0, 0
2018-08-27 06:56:28,602 - DEBUG - Initialized network @rank/subrank= 0/0, {'dropout': 0.1, 'optimizer': 'adadelta', 'activation': 'sigmoid', 'nbLayers': 3, 'nbNeurons': 512}
2018-08-27 06:56:28,604 - DEBUG - for data after exchange rank = 0, {'dropout': 0.1, 'optimizer': 'adadelta', 'activation': 'sigmoid', 'nbLayers': 3, 'nbNeurons': 512}
2018-08-27 06:56:28,605 - DEBUG - for dad after exchange rank = 0, {'dropout': 0.5, 'optimizer': 'adagrad', 'activation': 'elu', 'nbLayers': 20, 'nbNeurons': 1024}
2018-08-27 06:56:28,606 - DEBUG - Crossover Done, generation = 0, rank = 0, child = {'dropout': 0.5, 'optimizer': 'adadelta', 'activation': 'elu', 'nbLayers': 3, 'nbNeurons': 1024}
2018-08-27 06:56:28,607 - DEBUG - Mutation Done, generation = 0, rank = 0, network = {'dropout': 0.5, 'optimizer': 'adadelta', 'activation': 'elu', 'nbLayers': 3, 'nbNeurons': 1024}
2018-08-27 07:09:41,448 - DEBUG - Training Done, generation = 0, rank = 0, parentFitness = 41.4800, childFitness = 41.4000
2018-08-28 07:48:14,986 - DEBUG - imc subrank: 0, 0
2018-08-28 07:48:14,991 - DEBUG - Initialized network @rank/subrank= 0/0, {'dropout': 0.5, 'optimizer': 'adamax', 'activation': 'sigmoid', 'nbLayers': 6, 'nbNeurons': 1024}
2018-08-28 07:48:14,992 - DEBUG - for data after exchange rank = 0, {'dropout': 0.5, 'optimizer': 'adamax', 'activation': 'sigmoid', 'nbLayers': 6, 'nbNeurons': 1024}
2018-08-28 07:48:14,993 - DEBUG - for dad after exchange rank = 0, {'dropout': 0.25, 'optimizer': 'adam', 'activation': 'elu', 'nbLayers': 9, 'nbNeurons': 768}
2018-08-28 07:48:14,994 - DEBUG - Crossover Done, generation = 0, rank = 0, child = {'dropout': 0.25, 'optimizer': 'adam', 'activation': 'sigmoid', 'nbLayers': 6, 'nbNeurons': 1024}
2018-08-28 07:48:14,996 - DEBUG - Mutation Done, generation = 0, rank = 0, network = {'dropout': 0.25, 'optimizer': 'adam', 'activation': 'sigmoid', 'nbLayers': 6, 'nbNeurons': 1024}
2018-08-28 08:08:49,364 - DEBUG - Training Done, generation = 0, rank = 0, parentFitness = 10.0000, childFitness = 10.0000
