Using TensorFlow backend.
Using TensorFlow backend.
Using TensorFlow backend.
2018-08-28 06:35:49.067485: I tensorflow/core/platform/cpu_feature_guard.cc:137] Your CPU supports instructions that this TensorFlow binary was not compiled to use: SSE4.1 SSE4.2 AVX AVX2 FMA
2018-08-28 06:35:51.850864: I tensorflow/core/platform/cpu_feature_guard.cc:137] Your CPU supports instructions that this TensorFlow binary was not compiled to use: SSE4.1 SSE4.2 AVX AVX2 FMA
2018-08-28 06:35:52.380131: I tensorflow/core/platform/cpu_feature_guard.cc:137] Your CPU supports instructions that this TensorFlow binary was not compiled to use: SSE4.1 SSE4.2 AVX AVX2 FMA


###############################################################################
TCHPC Cluster: boyle
Job 27477 (dnnt03) for User 'bhatnags' in Account '(null)'
Finished at: Tue Aug 28 14:56:04 IST 2018

Job completion status:
======================

       JobID    JobName AllocCPUS NTasks NNodes     MaxRSS    MaxRSSNode  MaxDiskRead MaxDiskWrite    Elapsed      State ExitCode 
------------ ---------- --------- ------ ------ ---------- ------------- ------------ ------------ ---------- ---------- -------- 
27477            dnnt03        28             1                                                      08:20:23    RUNNING      0:0 
27477.batch       batch        28      1      1                                                      08:20:23    RUNNING      0:0 
27477.0      hydra_pmi+         1      1      1  22666656K    boyle-n022        0.02M        0.00M   08:20:23  COMPLETED      0:0 


Job details:
============

JobId=27477 JobName=dnnt03
   UserId=bhatnags(1460) GroupId=bhatnags(1106) MCS_label=N/A
   Priority=103052 Nice=0 Account=(null) QOS=normal
   JobState=COMPLETING Reason=None Dependency=(null)
   Requeue=0 Restarts=0 BatchFlag=1 Reboot=0 ExitCode=0:0
   DerivedExitCode=0:0
   RunTime=08:20:23 TimeLimit=09:00:00 TimeMin=N/A
   SubmitTime=2018-08-27T23:35:23 EligibleTime=2018-08-27T23:35:23
   StartTime=2018-08-28T06:35:41 EndTime=2018-08-28T14:56:04 Deadline=N/A
   PreemptTime=None SuspendTime=None SecsPreSuspend=0
   Partition=compute AllocNode:Sid=boyle01:27608
   ReqNodeList=(null) ExcNodeList=(null)
   NodeList=
   BatchHost=boyle-n022
   NumNodes=1 NumCPUs=28 NumTasks=3 CPUs/Task=1 ReqB:S:C:T=0:0:*:*
   TRES=cpu=28,mem=63000M,node=1
   Socks/Node=* NtasksPerN:B:S:C=0:0:*:* CoreSpec=*
     Nodes=boyle-n022 CPU_IDs=0-27 Mem=63000 GRES_IDX=
   MinCPUsNode=1 MinMemoryNode=63000M MinTmpDiskNode=0
   Features=LargeMem DelayBoot=00:00:00
   Gres=(null) Reservation=(null)
   OverSubscribe=NO Contiguous=0 Licenses=(null) Network=(null)
   Command=/home/users/mschpc/2017/bhatnags/testResults/final/Distri/dnnt03/bashscript.sh
   WorkDir=/home/users/mschpc/2017/bhatnags/testResults/final/Distri/dnnt03
   StdErr=/home/users/mschpc/2017/bhatnags/testResults/final/Distri/dnnt03/slurm-27477.out
   StdIn=/dev/null
   StdOut=/home/users/mschpc/2017/bhatnags/testResults/final/Distri/dnnt03/slurm-27477.out
   Power=


Acknowledgements:
=================

Note that usage of TCHPC Resources *must* be acknowledged in all publications.

Please see this page for details relevant to this cluster:

http://www.tchpc.tcd.ie/resources/acknowledgementpolicy

################################################################################
