Using TensorFlow backend.
Using TensorFlow backend.
Using TensorFlow backend.
Using TensorFlow backend.
Using TensorFlow backend.
2018-08-27 18:25:34.463985: I tensorflow/core/platform/cpu_feature_guard.cc:137] Your CPU supports instructions that this TensorFlow binary was not compiled to use: SSE4.1 SSE4.2 AVX AVX2 FMA
2018-08-27 18:25:36.030981: I tensorflow/core/platform/cpu_feature_guard.cc:137] Your CPU supports instructions that this TensorFlow binary was not compiled to use: SSE4.1 SSE4.2 AVX AVX2 FMA
2018-08-27 18:25:37.505076: I tensorflow/core/platform/cpu_feature_guard.cc:137] Your CPU supports instructions that this TensorFlow binary was not compiled to use: SSE4.1 SSE4.2 AVX AVX2 FMA
2018-08-27 18:25:38.481060: I tensorflow/core/platform/cpu_feature_guard.cc:137] Your CPU supports instructions that this TensorFlow binary was not compiled to use: SSE4.1 SSE4.2 AVX AVX2 FMA
2018-08-27 18:25:42.189632: I tensorflow/core/platform/cpu_feature_guard.cc:137] Your CPU supports instructions that this TensorFlow binary was not compiled to use: SSE4.1 SSE4.2 AVX AVX2 FMA


###############################################################################
TCHPC Cluster: boyle
Job 27466 (dnnt05) for User 'bhatnags' in Account '(null)'
Finished at: Mon Aug 27 23:05:57 IST 2018

Job completion status:
======================

       JobID    JobName AllocCPUS NTasks NNodes     MaxRSS    MaxRSSNode  MaxDiskRead MaxDiskWrite    Elapsed      State ExitCode 
------------ ---------- --------- ------ ------ ---------- ------------- ------------ ------------ ---------- ---------- -------- 
27466            dnnt05        28             1                                                      04:40:28  COMPLETED      0:0 
27466.batch       batch        28      1      1      4860K    boyle-n022        0.01M        0.00M   04:40:28  COMPLETED      0:0 
27466.0      hydra_pmi+         1      1      1  20692428K    boyle-n022        0.02M        0.00M   04:40:28  COMPLETED      0:0 


Job details:
============

JobId=27466 JobName=dnnt05
   UserId=bhatnags(1460) GroupId=bhatnags(1106) MCS_label=N/A
   Priority=101011 Nice=0 Account=(null) QOS=normal
   JobState=COMPLETING Reason=None Dependency=(null)
   Requeue=0 Restarts=0 BatchFlag=1 Reboot=0 ExitCode=0:0
   DerivedExitCode=0:0
   RunTime=04:40:28 TimeLimit=1-06:00:00 TimeMin=N/A
   SubmitTime=2018-08-27T18:20:26 EligibleTime=2018-08-27T18:20:26
   StartTime=2018-08-27T18:25:29 EndTime=2018-08-27T23:05:57 Deadline=N/A
   PreemptTime=None SuspendTime=None SecsPreSuspend=0
   Partition=compute AllocNode:Sid=boyle01:5287
   ReqNodeList=(null) ExcNodeList=(null)
   NodeList=
   BatchHost=boyle-n022
   NumNodes=1 NumCPUs=28 NumTasks=5 CPUs/Task=1 ReqB:S:C:T=0:0:*:*
   TRES=cpu=28,mem=63000M,node=1
   Socks/Node=* NtasksPerN:B:S:C=0:0:*:* CoreSpec=*
     Nodes=boyle-n022 CPU_IDs=0-27 Mem=63000 GRES_IDX=
   MinCPUsNode=1 MinMemoryNode=63000M MinTmpDiskNode=0
   Features=LargeMem DelayBoot=00:00:00
   Gres=(null) Reservation=(null)
   OverSubscribe=NO Contiguous=0 Licenses=(null) Network=(null)
   Command=/home/users/mschpc/2017/bhatnags/testResults/final/Distri/dnnt05/bashscript.sh
   WorkDir=/home/users/mschpc/2017/bhatnags/testResults/final/Distri/dnnt05
   StdErr=/home/users/mschpc/2017/bhatnags/testResults/final/Distri/dnnt05/slurm-27466.out
   StdIn=/dev/null
   StdOut=/home/users/mschpc/2017/bhatnags/testResults/final/Distri/dnnt05/slurm-27466.out
   Power=


Acknowledgements:
=================

Note that usage of TCHPC Resources *must* be acknowledged in all publications.

Please see this page for details relevant to this cluster:

http://www.tchpc.tcd.ie/resources/acknowledgementpolicy

################################################################################
